<?xml version="1.0" encoding="UTF-8"?>
<testng-results ignored="0" total="1" passed="1" failed="0" skipped="0">
  <reporter-output>
  </reporter-output>
  <suite started-at="2022-05-01T01:55:13 EET" name="Default suite" finished-at="2022-05-01T01:55:30 EET" duration-ms="17513">
    <groups>
      <group name="cucumber">
        <method signature="AbstractTestNGCucumberTests.runScenario(io.cucumber.testng.PickleWrapper,io.cucumber.testng.FeatureWrapper)[pri:0, instance:z2DataTests.DownloadExcelTest@5f354bcf]" name="runScenario" class="io.cucumber.testng.AbstractTestNGCucumberTests"/>
      </group> <!-- cucumber -->
    </groups>
    <test started-at="2022-05-01T01:55:13 EET" name="Default test" finished-at="2022-05-01T01:55:30 EET" duration-ms="17513">
      <class name="z2DataTests.DownloadExcelTest">
        <test-method is-config="true" signature="startdriver(java.lang.String)[pri:0, instance:z2DataTests.DownloadExcelTest@5f354bcf]" started-at="2022-05-01T01:55:08 EET" name="startdriver" finished-at="2022-05-01T01:55:13 EET" duration-ms="4653" status="PASS">
          <params>
            <param index="0">
              <value>
                <![CDATA[chrome]]>
              </value>
            </param>
          </params>
          <reporter-output>
          </reporter-output>
        </test-method> <!-- startdriver -->
        <test-method is-config="true" signature="setUpClass(org.testng.ITestContext)[pri:0, instance:z2DataTests.DownloadExcelTest@5f354bcf]" started-at="2022-05-01T01:55:13 EET" name="setUpClass" finished-at="2022-05-01T01:55:13 EET" duration-ms="446" status="PASS">
          <params>
            <param index="0">
              <value>
                <![CDATA[org.testng.TestRunner@19a31b9d]]>
              </value>
            </param>
          </params>
          <reporter-output>
          </reporter-output>
        </test-method> <!-- setUpClass -->
        <test-method signature="DownloadExcelFile()[pri:0, instance:z2DataTests.DownloadExcelTest@5f354bcf]" started-at="2022-05-01T01:55:13 EET" name="DownloadExcelFile" finished-at="2022-05-01T01:55:30 EET" duration-ms="16556" status="PASS">
          <reporter-output>
          </reporter-output>
        </test-method> <!-- DownloadExcelFile -->
        <test-method is-config="true" signature="takeScreenshotOnFailure(org.testng.ITestResult)[pri:0, instance:z2DataTests.DownloadExcelTest@5f354bcf]" started-at="2022-05-01T01:55:30 EET" name="takeScreenshotOnFailure" finished-at="2022-05-01T01:55:30 EET" duration-ms="3" status="PASS">
          <params>
            <param index="0">
              <value>
                <![CDATA[[TestResult name=DownloadExcelFile status=SUCCESS method=DownloadExcelTest.DownloadExcelFile()[pri:0, instance:z2DataTests.DownloadExcelTest@5f354bcf] output={null}]]]>
              </value>
            </param>
          </params>
          <reporter-output>
          </reporter-output>
        </test-method> <!-- takeScreenshotOnFailure -->
        <test-method is-config="true" signature="tearDownClass()[pri:0, instance:z2DataTests.DownloadExcelTest@5f354bcf]" started-at="2022-05-01T01:55:30 EET" name="tearDownClass" finished-at="2022-05-01T01:55:30 EET" duration-ms="23" status="PASS">
          <reporter-output>
          </reporter-output>
        </test-method> <!-- tearDownClass -->
        <test-method is-config="true" signature="stopDriver()[pri:0, instance:z2DataTests.DownloadExcelTest@5f354bcf]" started-at="2022-05-01T01:55:30 EET" name="stopDriver" finished-at="2022-05-01T01:55:32 EET" duration-ms="1239" status="PASS">
          <reporter-output>
          </reporter-output>
        </test-method> <!-- stopDriver -->
      </class> <!-- z2DataTests.DownloadExcelTest -->
    </test> <!-- Default test -->
  </suite> <!-- Default suite -->
</testng-results>
